Using pre-set license
Built from '2020.2/release' branch; Version is '2020.2.0f1 (3721df5a8b28) revision 3613151'; Using compiler version '192528614'; Build Type 'Release'
OS: 'Windows 10  (10.0.0) 64bit' Language: 'en' Physical Memory: 7979 MB
BatchMode: 1, IsHumanControllingUs: 0, StartBugReporterOnCrash: 0, Is64bit: 1, IsPro: 0

 COMMAND LINE ARGUMENTS:
D:\Program Files\Unity\Hub\Editor\2019.3.3f1\Editor\Unity.exe
-adb2
-batchMode
-noUpm
-name
AssetImportWorker0
-projectPath
D:/Documents/Unity/Roller Madness
-logFile
Logs/AssetImportWorker0.log
-srvPort
50349
Successfully changed project path to: D:/Documents/Unity/Roller Madness
D:/Documents/Unity/Roller Madness
Using Asset Import Pipeline V2.
Refreshing native plugins compatible for Editor in 85.68 ms, found 0 plugins.
Preloading 0 native plugins for Editor in 0.00 ms.
Initialize engine version: 2020.2.0f1 (3721df5a8b28)
[Subsystems] Discovering subsystems at path D:/Program Files/Unity/Hub/Editor/2019.3.3f1/Editor/Data/Resources/UnitySubsystems
[Subsystems] Discovering subsystems at path D:/Documents/Unity/Roller Madness/Assets
GfxDevice: creating device client; threaded=0
Direct3D:
    Version:  Direct3D 11.0 [level 11.0]
    Renderer: NVIDIA GeForce MX130 (ID=0x174d)
    Vendor:   
    VRAM:     2010 MB
    Driver:   27.21.14.6079
Initialize mono
Mono path[0] = 'D:/Program Files/Unity/Hub/Editor/2019.3.3f1/Editor/Data/Managed'
Mono path[1] = 'D:/Program Files/Unity/Hub/Editor/2019.3.3f1/Editor/Data/MonoBleedingEdge/lib/mono/unityjit'
Mono config path = 'D:/Program Files/Unity/Hub/Editor/2019.3.3f1/Editor/Data/MonoBleedingEdge/etc'
Using monoOptions --debugger-agent=transport=dt_socket,embedding=1,server=y,suspend=n,address=127.0.0.1:56712
Begin MonoManager ReloadAssembly
Registering precompiled unity dll's ...
Register platform support module: D:/Program Files/Unity/Hub/Editor/2019.3.3f1/Editor/Data/PlaybackEngines/WebGLSupport/UnityEditor.WebGL.Extensions.dll
Register platform support module: D:/Program Files/Unity/Hub/Editor/2019.3.3f1/Editor/Data/PlaybackEngines/WindowsStandaloneSupport/UnityEditor.WindowsStandalone.Extensions.dll
Registered in 0.002684 seconds.
Native extension for WindowsStandalone target not found
Native extension for WebGL target not found
Refreshing native plugins compatible for Editor in 146.21 ms, found 0 plugins.
Preloading 0 native plugins for Editor in 0.00 ms.
Invoked RoslynAnalysisRunner static constructor.
RoslynAnalysisRunner will not be running.
RoslynAnalysisRunner has terminated.
Mono: successfully reloaded assembly
- Completed reload, in  2.920 seconds
Platform modules already initialized, skipping
Registering precompiled user dll's ...
Registered in 0.002636 seconds.
Begin MonoManager ReloadAssembly
Native extension for WindowsStandalone target not found
Native extension for WebGL target not found
Refreshing native plugins compatible for Editor in 0.81 ms, found 0 plugins.
Preloading 0 native plugins for Editor in 0.00 ms.
Invoked RoslynAnalysisRunner static constructor.
RoslynAnalysisRunner will not be running.
RoslynAnalysisRunner has terminated.
Mono: successfully reloaded assembly
- Completed reload, in  2.763 seconds
Platform modules already initialized, skipping
========================================================================
Worker process is ready to serve import requests
Launched and connected shader compiler UnityShaderCompiler.exe after 0.12 seconds
Refreshing native plugins compatible for Editor in 0.48 ms, found 0 plugins.
Preloading 0 native plugins for Editor in 0.00 ms.
Unloading 1237 Unused Serialized files (Serialized files now loaded: 0)
System memory in use before: 68.8 MB.
System memory in use after: 68.5 MB.

Unloading 12 unused Assets to reduce memory usage. Loaded Objects now: 1686.
Total: 8.452200 ms (FindLiveObjects: 0.564800 ms CreateObjectMapping: 0.540500 ms MarkObjects: 6.135500 ms  DeleteObjects: 1.201800 ms)

========================================================================
Received Import Request.
  path: Assets/Standard Assets/Environment/Water (Basic)/Models/WaterBasicPlane.fbx
  artifactKey: Guid(ce8d79c79d11b8f9d00076e98d76c639) Importer(815301076,1909f56bfc062723c751e8b465ee728b)
Start importing Assets/Standard Assets/Environment/Water (Basic)/Models/WaterBasicPlane.fbx using Guid(ce8d79c79d11b8f9d00076e98d76c639) Importer(815301076,1909f56bfc062723c751e8b465ee728b)  -> (artifact id: '7e325ffefc4315b167ad1bebb0ea3cc0') in 0.634238 seconds
  Import took 0.642383 seconds .

========================================================================
Received Import Request.
  Time since last request: 0.000397 seconds.
  path: Assets/Standard Assets/Environment/Water/Water/Models/WaterPlane.fbx
  artifactKey: Guid(ba6a41dc489914734857bb5924eb70ad) Importer(815301076,1909f56bfc062723c751e8b465ee728b)
Start importing Assets/Standard Assets/Environment/Water/Water/Models/WaterPlane.fbx using Guid(ba6a41dc489914734857bb5924eb70ad) Importer(815301076,1909f56bfc062723c751e8b465ee728b)  -> (artifact id: '33a4b9bdca9db8afe4c03b295f869814') in 0.144494 seconds
  Import took 0.149535 seconds .

========================================================================
Received Import Request.
  Time since last request: 84.721103 seconds.
  path: Assets/Custom/Player explosion.prefab
  artifactKey: Guid(33a840053f5f58d499d8c1ed87aa4e4f) Importer(815301076,1909f56bfc062723c751e8b465ee728b)
Start importing Assets/Custom/Player explosion.prefab using Guid(33a840053f5f58d499d8c1ed87aa4e4f) Importer(815301076,1909f56bfc062723c751e8b465ee728b)  -> (artifact id: '095238c77459d67b73144b51d86d0a28') in 0.095181 seconds
  Import took 0.112929 seconds .

========================================================================
Received Import Request.
  Time since last request: 0.006772 seconds.
  path: Assets/Custom/Player explosion.prefab
  artifactKey: Guid(33a840053f5f58d499d8c1ed87aa4e4f) Importer(815301076,1909f56bfc062723c751e8b465ee728b)
Start importing Assets/Custom/Player explosion.prefab using Guid(33a840053f5f58d499d8c1ed87aa4e4f) Importer(815301076,1909f56bfc062723c751e8b465ee728b)  -> (artifact id: '095238c77459d67b73144b51d86d0a28') in 0.022020 seconds
  Import took 0.033342 seconds .

========================================================================
Received Prepare
Registering precompiled user dll's ...
Registered in 0.002458 seconds.
Begin MonoManager ReloadAssembly
Native extension for WindowsStandalone target not found
Native extension for WebGL target not found
Refreshing native plugins compatible for Editor in 1.27 ms, found 0 plugins.
Preloading 0 native plugins for Editor in 0.00 ms.
Invoked RoslynAnalysisRunner static constructor.
RoslynAnalysisRunner will not be running.
RoslynAnalysisRunner has terminated.
Mono: successfully reloaded assembly
- Completed reload, in  3.304 seconds
Platform modules already initialized, skipping
Refreshing native plugins compatible for Editor in 0.50 ms, found 0 plugins.
Preloading 0 native plugins for Editor in 0.00 ms.
Unloading 1213 Unused Serialized files (Serialized files now loaded: 0)
System memory in use before: 71.0 MB.
System memory in use after: 70.7 MB.

Unloading 8 unused Assets to reduce memory usage. Loaded Objects now: 1699.
Total: 5.111500 ms (FindLiveObjects: 0.430400 ms CreateObjectMapping: 0.131900 ms MarkObjects: 3.868200 ms  DeleteObjects: 0.677000 ms)

========================================================================
Received Import Request.
  Time since last request: 81.955389 seconds.
  path: Assets/Custom/Player explosion 1.prefab
  artifactKey: Guid(c6293c98a18a5724291d23f114e95c96) Importer(815301076,1909f56bfc062723c751e8b465ee728b)
Start importing Assets/Custom/Player explosion 1.prefab using Guid(c6293c98a18a5724291d23f114e95c96) Importer(815301076,1909f56bfc062723c751e8b465ee728b)  -> (artifact id: '1678328a580a01084a4644be76722ca5') in 0.170346 seconds
  Import took 0.182465 seconds .

========================================================================
Received Import Request.
  Time since last request: 0.013155 seconds.
  path: Assets/Custom/Player explosion 1.prefab
  artifactKey: Guid(c6293c98a18a5724291d23f114e95c96) Importer(815301076,1909f56bfc062723c751e8b465ee728b)
Start importing Assets/Custom/Player explosion 1.prefab using Guid(c6293c98a18a5724291d23f114e95c96) Importer(815301076,1909f56bfc062723c751e8b465ee728b)  -> (artifact id: '1678328a580a01084a4644be76722ca5') in 0.076996 seconds
  Import took 0.085648 seconds .

========================================================================
Received Import Request.
  Time since last request: 23.416600 seconds.
  path: Assets/Custom/Coin explosion.prefab
  artifactKey: Guid(c6293c98a18a5724291d23f114e95c96) Importer(815301076,1909f56bfc062723c751e8b465ee728b)
Start importing Assets/Custom/Coin explosion.prefab using Guid(c6293c98a18a5724291d23f114e95c96) Importer(815301076,1909f56bfc062723c751e8b465ee728b)  -> (artifact id: '01db2bba8a56743227d9975155c98164') in 0.047285 seconds
  Import took 0.059910 seconds .

========================================================================
Received Import Request.
  Time since last request: 0.041261 seconds.
  path: Assets/Custom/Coin explosion.prefab
  artifactKey: Guid(c6293c98a18a5724291d23f114e95c96) Importer(815301076,1909f56bfc062723c751e8b465ee728b)
Start importing Assets/Custom/Coin explosion.prefab using Guid(c6293c98a18a5724291d23f114e95c96) Importer(815301076,1909f56bfc062723c751e8b465ee728b)  -> (artifact id: '01db2bba8a56743227d9975155c98164') in 0.024509 seconds
  Import took 0.038249 seconds .

========================================================================
Received Import Request.
  Time since last request: 3.991169 seconds.
  path: Assets/Custom/Coin explosion 1.prefab
  artifactKey: Guid(c2187efaafb9a984cac5b0566da3a2b5) Importer(815301076,1909f56bfc062723c751e8b465ee728b)
Start importing Assets/Custom/Coin explosion 1.prefab using Guid(c2187efaafb9a984cac5b0566da3a2b5) Importer(815301076,1909f56bfc062723c751e8b465ee728b)  -> (artifact id: 'e29c7b09a94c6898de336003f72f4c1d') in 0.038259 seconds
  Import took 0.050410 seconds .

========================================================================
Received Import Request.
  Time since last request: 0.069623 seconds.
  path: Assets/Custom/Coin explosion 1.prefab
  artifactKey: Guid(c2187efaafb9a984cac5b0566da3a2b5) Importer(815301076,1909f56bfc062723c751e8b465ee728b)
Start importing Assets/Custom/Coin explosion 1.prefab using Guid(c2187efaafb9a984cac5b0566da3a2b5) Importer(815301076,1909f56bfc062723c751e8b465ee728b)  -> (artifact id: 'e29c7b09a94c6898de336003f72f4c1d') in 0.020937 seconds
  Import took 0.033598 seconds .

========================================================================
Received Import Request.
  Time since last request: 13.128770 seconds.
  path: Assets/Custom/Enemy explosion.prefab
  artifactKey: Guid(c2187efaafb9a984cac5b0566da3a2b5) Importer(815301076,1909f56bfc062723c751e8b465ee728b)
Start importing Assets/Custom/Enemy explosion.prefab using Guid(c2187efaafb9a984cac5b0566da3a2b5) Importer(815301076,1909f56bfc062723c751e8b465ee728b)  -> (artifact id: 'ba5482ad09a5c6e80b0960e68c23214b') in 0.042391 seconds
  Import took 0.054736 seconds .

========================================================================
Received Import Request.
  Time since last request: 0.040124 seconds.
  path: Assets/Custom/Enemy explosion.prefab
  artifactKey: Guid(c2187efaafb9a984cac5b0566da3a2b5) Importer(815301076,1909f56bfc062723c751e8b465ee728b)
Start importing Assets/Custom/Enemy explosion.prefab using Guid(c2187efaafb9a984cac5b0566da3a2b5) Importer(815301076,1909f56bfc062723c751e8b465ee728b)  -> (artifact id: 'ba5482ad09a5c6e80b0960e68c23214b') in 0.128507 seconds
  Import took 0.140056 seconds .

========================================================================
Received Import Request.
  Time since last request: 18.523775 seconds.
  path: Assets/Custom/Coin explosion.prefab
  artifactKey: Guid(c6293c98a18a5724291d23f114e95c96) Importer(815301076,1909f56bfc062723c751e8b465ee728b)
Start importing Assets/Custom/Coin explosion.prefab using Guid(c6293c98a18a5724291d23f114e95c96) Importer(815301076,1909f56bfc062723c751e8b465ee728b)  -> (artifact id: '1c72fdae73eda8be949183a1c4115bcc') in 0.017885 seconds
  Import took 0.028693 seconds .

========================================================================
Received Import Request.
  Time since last request: 0.039685 seconds.
  path: Assets/Custom/Coin explosion.prefab
  artifactKey: Guid(c6293c98a18a5724291d23f114e95c96) Importer(815301076,1909f56bfc062723c751e8b465ee728b)
Start importing Assets/Custom/Coin explosion.prefab using Guid(c6293c98a18a5724291d23f114e95c96) Importer(815301076,1909f56bfc062723c751e8b465ee728b)  -> (artifact id: '1c72fdae73eda8be949183a1c4115bcc') in 0.013787 seconds
  Import took 0.023841 seconds .

========================================================================
Received Import Request.
  Time since last request: 20.855408 seconds.
  path: Assets/Custom/Coin explosion.prefab
  artifactKey: Guid(c6293c98a18a5724291d23f114e95c96) Importer(815301076,1909f56bfc062723c751e8b465ee728b)
Start importing Assets/Custom/Coin explosion.prefab using Guid(c6293c98a18a5724291d23f114e95c96) Importer(815301076,1909f56bfc062723c751e8b465ee728b)  -> (artifact id: '7d684c49f63511f74ee6173468ac34f7') in 0.015901 seconds
  Import took 0.026486 seconds .

========================================================================
Received Import Request.
  Time since last request: 0.003425 seconds.
  path: Assets/Custom/Coin explosion.prefab
  artifactKey: Guid(c6293c98a18a5724291d23f114e95c96) Importer(815301076,1909f56bfc062723c751e8b465ee728b)
Start importing Assets/Custom/Coin explosion.prefab using Guid(c6293c98a18a5724291d23f114e95c96) Importer(815301076,1909f56bfc062723c751e8b465ee728b)  -> (artifact id: '7d684c49f63511f74ee6173468ac34f7') in 0.013033 seconds
  Import took 0.023330 seconds .

========================================================================
Received Import Request.
  Time since last request: 68.554100 seconds.
  path: Assets/Custom/Enemy explosion.prefab
  artifactKey: Guid(c2187efaafb9a984cac5b0566da3a2b5) Importer(815301076,1909f56bfc062723c751e8b465ee728b)
Start importing Assets/Custom/Enemy explosion.prefab using Guid(c2187efaafb9a984cac5b0566da3a2b5) Importer(815301076,1909f56bfc062723c751e8b465ee728b)  -> (artifact id: '527bc794eb4eab2a08e4c3ce196bce64') in 0.016600 seconds
  Import took 0.029190 seconds .

========================================================================
Received Import Request.
  Time since last request: 0.002310 seconds.
  path: Assets/Custom/Enemy explosion.prefab
  artifactKey: Guid(c2187efaafb9a984cac5b0566da3a2b5) Importer(815301076,1909f56bfc062723c751e8b465ee728b)
Start importing Assets/Custom/Enemy explosion.prefab using Guid(c2187efaafb9a984cac5b0566da3a2b5) Importer(815301076,1909f56bfc062723c751e8b465ee728b)  -> (artifact id: '527bc794eb4eab2a08e4c3ce196bce64') in 0.015402 seconds
  Import took 0.025707 seconds .

========================================================================
Received Import Request.
  Time since last request: 7.018911 seconds.
  path: Assets/Custom/Enemy explosion.prefab
  artifactKey: Guid(c2187efaafb9a984cac5b0566da3a2b5) Importer(815301076,1909f56bfc062723c751e8b465ee728b)
Start importing Assets/Custom/Enemy explosion.prefab using Guid(c2187efaafb9a984cac5b0566da3a2b5) Importer(815301076,1909f56bfc062723c751e8b465ee728b)  -> (artifact id: '147d7d8775938ca079c4a1fe13d820af') in 0.017730 seconds
  Import took 0.027421 seconds .

========================================================================
Received Import Request.
  Time since last request: 14.890885 seconds.
  path: Assets/Custom/Enemy explosion.prefab
  artifactKey: Guid(c2187efaafb9a984cac5b0566da3a2b5) Importer(815301076,1909f56bfc062723c751e8b465ee728b)
Start importing Assets/Custom/Enemy explosion.prefab using Guid(c2187efaafb9a984cac5b0566da3a2b5) Importer(815301076,1909f56bfc062723c751e8b465ee728b)  -> (artifact id: 'e031d7f5c4f4bd03c54535d6a374b411') in 0.007565 seconds
  Import took 0.013053 seconds .

========================================================================
Received Import Request.
  Time since last request: 78.988746 seconds.
  path: Assets/Custom/Coin explosion.prefab
  artifactKey: Guid(c6293c98a18a5724291d23f114e95c96) Importer(815301076,1909f56bfc062723c751e8b465ee728b)
Start importing Assets/Custom/Coin explosion.prefab using Guid(c6293c98a18a5724291d23f114e95c96) Importer(815301076,1909f56bfc062723c751e8b465ee728b)  -> (artifact id: '27989fc26d21669b977f01de277dac6e') in 0.015234 seconds
  Import took 0.025554 seconds .

========================================================================
Received Import Request.
  Time since last request: 0.061381 seconds.
  path: Assets/Custom/Coin explosion.prefab
  artifactKey: Guid(c6293c98a18a5724291d23f114e95c96) Importer(815301076,1909f56bfc062723c751e8b465ee728b)
Start importing Assets/Custom/Coin explosion.prefab using Guid(c6293c98a18a5724291d23f114e95c96) Importer(815301076,1909f56bfc062723c751e8b465ee728b)  -> (artifact id: '27989fc26d21669b977f01de277dac6e') in 0.018263 seconds
  Import took 0.029390 seconds .

========================================================================
Received Import Request.
  Time since last request: 10.614769 seconds.
  path: Assets/Standard Assets/Vehicles/Aircraft/Models/AircraftFuselage.fbx
  artifactKey: Guid(4fea6053a1424d44daf193f09be2d491) Importer(815301076,1909f56bfc062723c751e8b465ee728b)
Start importing Assets/Standard Assets/Vehicles/Aircraft/Models/AircraftFuselage.fbx using Guid(4fea6053a1424d44daf193f09be2d491) Importer(815301076,1909f56bfc062723c751e8b465ee728b)  -> (artifact id: 'd536fd22bba639ce941f9bf5841e9b57') in 1.188010 seconds
  Import took 1.205035 seconds .

========================================================================
Received Import Request.
  Time since last request: 0.000857 seconds.
  path: Assets/Standard Assets/Vehicles/Aircraft/Models/AircraftWingsJet.fbx
  artifactKey: Guid(63742edd796d522458d772b44affdf9b) Importer(815301076,1909f56bfc062723c751e8b465ee728b)
Start importing Assets/Standard Assets/Vehicles/Aircraft/Models/AircraftWingsJet.fbx using Guid(63742edd796d522458d772b44affdf9b) Importer(815301076,1909f56bfc062723c751e8b465ee728b)  -> (artifact id: '97c61a24056cff96c0a2e8e0a950b9b6') in 1.514025 seconds
  Import took 1.531056 seconds .

========================================================================
Received Import Request.
  Time since last request: 0.358458 seconds.
  path: Assets/SampleScenes/Models/Pickup.fbx
  artifactKey: Guid(959be6347b65b7a4c9baa6bc323541fd) Importer(815301076,1909f56bfc062723c751e8b465ee728b)
Start importing Assets/SampleScenes/Models/Pickup.fbx using Guid(959be6347b65b7a4c9baa6bc323541fd) Importer(815301076,1909f56bfc062723c751e8b465ee728b)  -> (artifact id: '094e00edc5e0c8355a228a5a0dd3e3e5') in 0.149896 seconds
  Import took 0.155353 seconds .

========================================================================
Received Import Request.
  Time since last request: 0.097971 seconds.
  path: Assets/Custom/Coin explosion.prefab
  artifactKey: Guid(c6293c98a18a5724291d23f114e95c96) Importer(815301076,1909f56bfc062723c751e8b465ee728b)
Start importing Assets/Custom/Coin explosion.prefab using Guid(c6293c98a18a5724291d23f114e95c96) Importer(815301076,1909f56bfc062723c751e8b465ee728b)  -> (artifact id: '3fb75f203b5b574b3d6441dd64969cb9') in 0.010979 seconds
  Import took 0.016758 seconds .

========================================================================
Received Import Request.
  Time since last request: 24.347477 seconds.
  path: Assets/Custom/Player explosion.prefab
  artifactKey: Guid(33a840053f5f58d499d8c1ed87aa4e4f) Importer(815301076,1909f56bfc062723c751e8b465ee728b)
Start importing Assets/Custom/Player explosion.prefab using Guid(33a840053f5f58d499d8c1ed87aa4e4f) Importer(815301076,1909f56bfc062723c751e8b465ee728b)  -> (artifact id: '32b93f182fdbc8a12179379fa1fb2b31') in 0.016841 seconds
  Import took 0.027215 seconds .

========================================================================
Received Import Request.
  Time since last request: 0.063068 seconds.
  path: Assets/Custom/Player explosion.prefab
  artifactKey: Guid(33a840053f5f58d499d8c1ed87aa4e4f) Importer(815301076,1909f56bfc062723c751e8b465ee728b)
Start importing Assets/Custom/Player explosion.prefab using Guid(33a840053f5f58d499d8c1ed87aa4e4f) Importer(815301076,1909f56bfc062723c751e8b465ee728b)  -> (artifact id: '32b93f182fdbc8a12179379fa1fb2b31') in 0.012941 seconds
  Import took 0.022567 seconds .

========================================================================
Received Prepare
Registering precompiled user dll's ...
Registered in 0.003361 seconds.
Begin MonoManager ReloadAssembly
Native extension for WindowsStandalone target not found
Native extension for WebGL target not found
Refreshing native plugins compatible for Editor in 0.57 ms, found 0 plugins.
Preloading 0 native plugins for Editor in 0.00 ms.
Invoked RoslynAnalysisRunner static constructor.
RoslynAnalysisRunner will not be running.
RoslynAnalysisRunner has terminated.
Mono: successfully reloaded assembly
- Completed reload, in  2.041 seconds
Platform modules already initialized, skipping
Refreshing native plugins compatible for Editor in 0.77 ms, found 0 plugins.
Preloading 0 native plugins for Editor in 0.00 ms.
Unloading 1213 Unused Serialized files (Serialized files now loaded: 0)
System memory in use before: 72.1 MB.
System memory in use after: 71.8 MB.

Unloading 7 unused Assets to reduce memory usage. Loaded Objects now: 1703.
Total: 5.299200 ms (FindLiveObjects: 0.357300 ms CreateObjectMapping: 0.108400 ms MarkObjects: 3.893800 ms  DeleteObjects: 0.935900 ms)

========================================================================
Received Import Request.
  Time since last request: 71.597487 seconds.
  path: Assets/Custom/Enemy.prefab
  artifactKey: Guid(411c1c8f498d99540a7443b6f5803c11) Importer(815301076,1909f56bfc062723c751e8b465ee728b)
Start importing Assets/Custom/Enemy.prefab using Guid(411c1c8f498d99540a7443b6f5803c11) Importer(815301076,1909f56bfc062723c751e8b465ee728b)  -> (artifact id: '114d3b583d8d17262c7b7c6d1a676fc5') in 0.194642 seconds
  Import took 0.200272 seconds .

========================================================================
Received Import Request.
  Time since last request: 22.841344 seconds.
  path: Assets/Custom/Coin.prefab
  artifactKey: Guid(1fa83339233015d4baefcf5deefcf3c9) Importer(815301076,1909f56bfc062723c751e8b465ee728b)
Start importing Assets/Custom/Coin.prefab using Guid(1fa83339233015d4baefcf5deefcf3c9) Importer(815301076,1909f56bfc062723c751e8b465ee728b)  -> (artifact id: 'd17510ef1ca1e719f9560688ad688e01') in 0.061856 seconds
  Import took 0.070999 seconds .

========================================================================
Received Import Request.
  Time since last request: 0.065008 seconds.
  path: Assets/Custom/Coin.prefab
  artifactKey: Guid(1fa83339233015d4baefcf5deefcf3c9) Importer(815301076,1909f56bfc062723c751e8b465ee728b)
Start importing Assets/Custom/Coin.prefab using Guid(1fa83339233015d4baefcf5deefcf3c9) Importer(815301076,1909f56bfc062723c751e8b465ee728b)  -> (artifact id: 'd17510ef1ca1e719f9560688ad688e01') in 0.040955 seconds
  Import took 0.052244 seconds .

========================================================================
Received Prepare
Registering precompiled user dll's ...
Registered in 0.001500 seconds.
Begin MonoManager ReloadAssembly
Native extension for WindowsStandalone target not found
Native extension for WebGL target not found
Refreshing native plugins compatible for Editor in 0.96 ms, found 0 plugins.
Preloading 0 native plugins for Editor in 0.00 ms.
Invoked RoslynAnalysisRunner static constructor.
RoslynAnalysisRunner will not be running.
RoslynAnalysisRunner has terminated.
Mono: successfully reloaded assembly
- Completed reload, in  2.241 seconds
Platform modules already initialized, skipping
Refreshing native plugins compatible for Editor in 0.95 ms, found 0 plugins.
Preloading 0 native plugins for Editor in 0.00 ms.
Unloading 1213 Unused Serialized files (Serialized files now loaded: 0)
System memory in use before: 72.8 MB.
System memory in use after: 72.5 MB.

Unloading 7 unused Assets to reduce memory usage. Loaded Objects now: 1706.
Total: 9.162800 ms (FindLiveObjects: 0.532000 ms CreateObjectMapping: 0.249800 ms MarkObjects: 7.056000 ms  DeleteObjects: 1.318200 ms)

========================================================================
Received Prepare
Registering precompiled user dll's ...
Registered in 0.003363 seconds.
Begin MonoManager ReloadAssembly
Native extension for WindowsStandalone target not found
Native extension for WebGL target not found
Refreshing native plugins compatible for Editor in 0.41 ms, found 0 plugins.
Preloading 0 native plugins for Editor in 0.00 ms.
Invoked RoslynAnalysisRunner static constructor.
RoslynAnalysisRunner will not be running.
RoslynAnalysisRunner has terminated.
Mono: successfully reloaded assembly
- Completed reload, in  2.962 seconds
Platform modules already initialized, skipping
Refreshing native plugins compatible for Editor in 0.50 ms, found 0 plugins.
Preloading 0 native plugins for Editor in 0.00 ms.
Unloading 1213 Unused Serialized files (Serialized files now loaded: 0)
System memory in use before: 72.2 MB.
System memory in use after: 71.9 MB.

Unloading 7 unused Assets to reduce memory usage. Loaded Objects now: 1708.
Total: 4.097600 ms (FindLiveObjects: 0.268800 ms CreateObjectMapping: 0.078900 ms MarkObjects: 2.944400 ms  DeleteObjects: 0.802300 ms)

========================================================================
Received Prepare
Registering precompiled user dll's ...
Registered in 0.001632 seconds.
Begin MonoManager ReloadAssembly
Native extension for WindowsStandalone target not found
Native extension for WebGL target not found
Refreshing native plugins compatible for Editor in 0.33 ms, found 0 plugins.
Preloading 0 native plugins for Editor in 0.00 ms.
Invoked RoslynAnalysisRunner static constructor.
RoslynAnalysisRunner will not be running.
RoslynAnalysisRunner has terminated.
Mono: successfully reloaded assembly
- Completed reload, in  1.200 seconds
Platform modules already initialized, skipping
Refreshing native plugins compatible for Editor in 0.64 ms, found 0 plugins.
Preloading 0 native plugins for Editor in 0.00 ms.
Unloading 1214 Unused Serialized files (Serialized files now loaded: 0)
System memory in use before: 72.2 MB.
System memory in use after: 71.9 MB.

Unloading 7 unused Assets to reduce memory usage. Loaded Objects now: 1711.
Total: 4.736900 ms (FindLiveObjects: 0.401900 ms CreateObjectMapping: 0.102300 ms MarkObjects: 3.395300 ms  DeleteObjects: 0.834100 ms)

========================================================================
Received Import Request.
  Time since last request: 645.462090 seconds.
  path: Assets/Custom/Enemy Spawner.prefab
  artifactKey: Guid(f0099587babcea54fa34caf3decb5b50) Importer(815301076,1909f56bfc062723c751e8b465ee728b)
Start importing Assets/Custom/Enemy Spawner.prefab using Guid(f0099587babcea54fa34caf3decb5b50) Importer(815301076,1909f56bfc062723c751e8b465ee728b)  -> (artifact id: 'b89955fcf9174de16a608a8a7f0b866f') in 0.151222 seconds
  Import took 0.205241 seconds .

========================================================================
Received Import Request.
  Time since last request: 0.040852 seconds.
  path: Assets/Custom/Enemy Spawner.prefab
  artifactKey: Guid(f0099587babcea54fa34caf3decb5b50) Importer(815301076,1909f56bfc062723c751e8b465ee728b)
Start importing Assets/Custom/Enemy Spawner.prefab using Guid(f0099587babcea54fa34caf3decb5b50) Importer(815301076,1909f56bfc062723c751e8b465ee728b)  -> (artifact id: 'b89955fcf9174de16a608a8a7f0b866f') in 0.017803 seconds
  Import took 0.028877 seconds .

========================================================================
Received Prepare
Registering precompiled user dll's ...
Registered in 0.000997 seconds.
Begin MonoManager ReloadAssembly
Native extension for WindowsStandalone target not found
Native extension for WebGL target not found
Refreshing native plugins compatible for Editor in 0.81 ms, found 0 plugins.
Preloading 0 native plugins for Editor in 0.00 ms.
Invoked RoslynAnalysisRunner static constructor.
RoslynAnalysisRunner will not be running.
RoslynAnalysisRunner has terminated.
Mono: successfully reloaded assembly
- Completed reload, in  3.587 seconds
Platform modules already initialized, skipping
Refreshing native plugins compatible for Editor in 2.39 ms, found 0 plugins.
Preloading 0 native plugins for Editor in 0.00 ms.
Unloading 1214 Unused Serialized files (Serialized files now loaded: 0)
System memory in use before: 72.8 MB.
System memory in use after: 72.6 MB.

Unloading 7 unused Assets to reduce memory usage. Loaded Objects now: 1713.
Total: 11.636900 ms (FindLiveObjects: 1.536100 ms CreateObjectMapping: 0.830000 ms MarkObjects: 7.761600 ms  DeleteObjects: 1.501000 ms)

========================================================================
Received Import Request.
  Time since last request: 220.669236 seconds.
  path: Assets/Custom/Coin 1.prefab
  artifactKey: Guid(e90b9d918cde6974c9a4e64042201ce5) Importer(815301076,1909f56bfc062723c751e8b465ee728b)
Start importing Assets/Custom/Coin 1.prefab using Guid(e90b9d918cde6974c9a4e64042201ce5) Importer(815301076,1909f56bfc062723c751e8b465ee728b)  -> (artifact id: '7c1017ed20d6476e37cab3715bca6680') in 0.183968 seconds
  Import took 0.221274 seconds .

========================================================================
Received Import Request.
  Time since last request: 11.469907 seconds.
  path: Assets/Custom/Coin Bouncy.prefab
  artifactKey: Guid(e90b9d918cde6974c9a4e64042201ce5) Importer(815301076,1909f56bfc062723c751e8b465ee728b)
Start importing Assets/Custom/Coin Bouncy.prefab using Guid(e90b9d918cde6974c9a4e64042201ce5) Importer(815301076,1909f56bfc062723c751e8b465ee728b)  -> (artifact id: '1d6bedbd3e251f1dc2bcc66b4375b187') in 0.102196 seconds
  Import took 0.125047 seconds .

========================================================================
Received Import Request.
  Time since last request: 21.988280 seconds.
  path: Assets/Custom/Coin Spawner.prefab
  artifactKey: Guid(fdf8e1b5c81f4dd45b47ae118e4c9fd8) Importer(815301076,1909f56bfc062723c751e8b465ee728b)
Start importing Assets/Custom/Coin Spawner.prefab using Guid(fdf8e1b5c81f4dd45b47ae118e4c9fd8) Importer(815301076,1909f56bfc062723c751e8b465ee728b)  -> (artifact id: '71f8798e1b5f814fd9053e49f8fbe759') in 0.041928 seconds
  Import took 0.103678 seconds .

========================================================================
Received Import Request.
  Time since last request: 25.515005 seconds.
  path: Assets/Custom/Coin Bouncy.prefab
  artifactKey: Guid(e90b9d918cde6974c9a4e64042201ce5) Importer(815301076,1909f56bfc062723c751e8b465ee728b)
Start importing Assets/Custom/Coin Bouncy.prefab using Guid(e90b9d918cde6974c9a4e64042201ce5) Importer(815301076,1909f56bfc062723c751e8b465ee728b)  -> (artifact id: 'd227d44e4e237364f56d976d2b0ccee0') in 0.020090 seconds
  Import took 0.025299 seconds .

========================================================================
Received Import Request.
  Time since last request: 5.494344 seconds.
  path: Assets/Custom/Coin Bouncy.prefab
  artifactKey: Guid(e90b9d918cde6974c9a4e64042201ce5) Importer(815301076,1909f56bfc062723c751e8b465ee728b)
Start importing Assets/Custom/Coin Bouncy.prefab using Guid(e90b9d918cde6974c9a4e64042201ce5) Importer(815301076,1909f56bfc062723c751e8b465ee728b)  -> (artifact id: '5d93a80fa6f5406884764eb906723c69') in 0.065009 seconds
  Import took 0.118274 seconds .

========================================================================
Received Import Request.
  Time since last request: 16.257549 seconds.
  path: Assets/Custom/Coin Bouncy.prefab
  artifactKey: Guid(e90b9d918cde6974c9a4e64042201ce5) Importer(815301076,1909f56bfc062723c751e8b465ee728b)
Start importing Assets/Custom/Coin Bouncy.prefab using Guid(e90b9d918cde6974c9a4e64042201ce5) Importer(815301076,1909f56bfc062723c751e8b465ee728b)  -> (artifact id: 'acd4777d65cc3608a051b6ff46f45417') in 0.069054 seconds
  Import took 0.112956 seconds .

========================================================================
Received Import Request.
  Time since last request: 0.934182 seconds.
  path: Assets/Custom/Coin Bouncy.prefab
  artifactKey: Guid(e90b9d918cde6974c9a4e64042201ce5) Importer(815301076,1909f56bfc062723c751e8b465ee728b)
Start importing Assets/Custom/Coin Bouncy.prefab using Guid(e90b9d918cde6974c9a4e64042201ce5) Importer(815301076,1909f56bfc062723c751e8b465ee728b)  -> (artifact id: '562e597a69e1d4c4aa427fd0d019d520') in 0.042989 seconds
  Import took 0.126385 seconds .

========================================================================
Received Import Request.
  Time since last request: 24.334571 seconds.
  path: Assets/Custom/Coin Bouncy.prefab
  artifactKey: Guid(e90b9d918cde6974c9a4e64042201ce5) Importer(815301076,1909f56bfc062723c751e8b465ee728b)
Start importing Assets/Custom/Coin Bouncy.prefab using Guid(e90b9d918cde6974c9a4e64042201ce5) Importer(815301076,1909f56bfc062723c751e8b465ee728b)  -> (artifact id: '661e054fb997070da6e802519d3a2f98') in 0.043505 seconds
  Import took 0.088910 seconds .

========================================================================
Received Import Request.
  Time since last request: 6.213901 seconds.
  path: Assets/Custom/Coin Bouncy.prefab
  artifactKey: Guid(e90b9d918cde6974c9a4e64042201ce5) Importer(815301076,1909f56bfc062723c751e8b465ee728b)
Start importing Assets/Custom/Coin Bouncy.prefab using Guid(e90b9d918cde6974c9a4e64042201ce5) Importer(815301076,1909f56bfc062723c751e8b465ee728b)  -> (artifact id: '489df1a6f616e23cb3c5642f068b0cd2') in 0.025863 seconds
  Import took 0.032868 seconds .

========================================================================
Received Import Request.
  Time since last request: 4.503186 seconds.
  path: Assets/Custom/Coin Bouncy.prefab
  artifactKey: Guid(e90b9d918cde6974c9a4e64042201ce5) Importer(815301076,1909f56bfc062723c751e8b465ee728b)
Start importing Assets/Custom/Coin Bouncy.prefab using Guid(e90b9d918cde6974c9a4e64042201ce5) Importer(815301076,1909f56bfc062723c751e8b465ee728b)  -> (artifact id: 'c7dd2e03d47bfc28aaf1cb27eefd4515') in 0.044601 seconds
  Import took 0.051283 seconds .

========================================================================
Received Import Request.
  Time since last request: 10.495923 seconds.
  path: Assets/Custom/Coin Bouncy.prefab
  artifactKey: Guid(e90b9d918cde6974c9a4e64042201ce5) Importer(815301076,1909f56bfc062723c751e8b465ee728b)
Start importing Assets/Custom/Coin Bouncy.prefab using Guid(e90b9d918cde6974c9a4e64042201ce5) Importer(815301076,1909f56bfc062723c751e8b465ee728b)  -> (artifact id: '7d89b792577a87d79b4376300b003d01') in 0.041710 seconds
  Import took 0.051020 seconds .

========================================================================
Received Prepare
Registering precompiled user dll's ...
Registered in 0.000809 seconds.
Begin MonoManager ReloadAssembly
Native extension for WindowsStandalone target not found
Native extension for WebGL target not found
Refreshing native plugins compatible for Editor in 0.61 ms, found 0 plugins.
Preloading 0 native plugins for Editor in 0.00 ms.
Invoked RoslynAnalysisRunner static constructor.
RoslynAnalysisRunner will not be running.
RoslynAnalysisRunner has terminated.
Mono: successfully reloaded assembly
- Completed reload, in  1.256 seconds
Platform modules already initialized, skipping
Refreshing native plugins compatible for Editor in 0.56 ms, found 0 plugins.
Preloading 0 native plugins for Editor in 0.00 ms.
Unloading 1214 Unused Serialized files (Serialized files now loaded: 0)
System memory in use before: 73.2 MB.
System memory in use after: 72.9 MB.

Unloading 7 unused Assets to reduce memory usage. Loaded Objects now: 1716.
Total: 3.941400 ms (FindLiveObjects: 0.349600 ms CreateObjectMapping: 0.116100 ms MarkObjects: 2.831800 ms  DeleteObjects: 0.641400 ms)

========================================================================
Received Import Request.
  Time since last request: 108.625412 seconds.
  path: Assets/Custom/Coin Spawner.prefab
  artifactKey: Guid(fdf8e1b5c81f4dd45b47ae118e4c9fd8) Importer(815301076,1909f56bfc062723c751e8b465ee728b)
Start importing Assets/Custom/Coin Spawner.prefab using Guid(fdf8e1b5c81f4dd45b47ae118e4c9fd8) Importer(815301076,1909f56bfc062723c751e8b465ee728b)  -> (artifact id: 'b88ef5915c68aa822bc2619da81fb88f') in 0.066337 seconds
  Import took 0.071879 seconds .

========================================================================
Received Import Request.
  Time since last request: 40.541295 seconds.
  path: Assets/Custom/Coin Spawner.prefab
  artifactKey: Guid(fdf8e1b5c81f4dd45b47ae118e4c9fd8) Importer(815301076,1909f56bfc062723c751e8b465ee728b)
Start importing Assets/Custom/Coin Spawner.prefab using Guid(fdf8e1b5c81f4dd45b47ae118e4c9fd8) Importer(815301076,1909f56bfc062723c751e8b465ee728b)  -> (artifact id: 'f0e3620e5e78358c91b56c93430b3b48') in 0.023675 seconds
  Import took 0.046228 seconds .

========================================================================
Received Import Request.
  Time since last request: 0.025865 seconds.
  path: Assets/Custom/Coin Spawner.prefab
  artifactKey: Guid(fdf8e1b5c81f4dd45b47ae118e4c9fd8) Importer(815301076,1909f56bfc062723c751e8b465ee728b)
Start importing Assets/Custom/Coin Spawner.prefab using Guid(fdf8e1b5c81f4dd45b47ae118e4c9fd8) Importer(815301076,1909f56bfc062723c751e8b465ee728b)  -> (artifact id: 'f0e3620e5e78358c91b56c93430b3b48') in 0.019959 seconds
  Import took 0.030800 seconds .

========================================================================
Received Prepare
Registering precompiled user dll's ...
Registered in 0.002442 seconds.
Begin MonoManager ReloadAssembly
Native extension for WindowsStandalone target not found
Native extension for WebGL target not found
Refreshing native plugins compatible for Editor in 0.51 ms, found 0 plugins.
Preloading 0 native plugins for Editor in 0.00 ms.
Invoked RoslynAnalysisRunner static constructor.
RoslynAnalysisRunner will not be running.
RoslynAnalysisRunner has terminated.
Mono: successfully reloaded assembly
- Completed reload, in  1.815 seconds
Platform modules already initialized, skipping
Refreshing native plugins compatible for Editor in 0.66 ms, found 0 plugins.
Preloading 0 native plugins for Editor in 0.00 ms.
Unloading 1214 Unused Serialized files (Serialized files now loaded: 0)
System memory in use before: 73.2 MB.
System memory in use after: 72.9 MB.

Unloading 7 unused Assets to reduce memory usage. Loaded Objects now: 1718.
Total: 4.552000 ms (FindLiveObjects: 0.298500 ms CreateObjectMapping: 0.085000 ms MarkObjects: 3.237100 ms  DeleteObjects: 0.928100 ms)

========================================================================
Received Prepare
Refreshing native plugins compatible for Editor in 1.40 ms, found 0 plugins.
Preloading 0 native plugins for Editor in 0.00 ms.
Unloading 5 Unused Serialized files (Serialized files now loaded: 0)
System memory in use before: 49.9 MB.
System memory in use after: 49.7 MB.

Unloading 5 unused Assets to reduce memory usage. Loaded Objects now: 1718.
Total: 7.370400 ms (FindLiveObjects: 0.493600 ms CreateObjectMapping: 0.168700 ms MarkObjects: 5.156400 ms  DeleteObjects: 1.546900 ms)

AssetImportWorkerClient::OnTransportError - code=2 error=End of file
